0 info it worked if it ends with ok
1 verbose cli [ '/home/florent/.ndenv/versions/v0.12.7/bin/node',
1 verbose cli   '/home/florent/.ndenv/versions/v0.12.7/bin/npm',
1 verbose cli   'run',
1 verbose cli   'server' ]
2 info using npm@2.11.3
3 info using node@v0.12.7
4 verbose stack Error: missing script: server
4 verbose stack     at run (/home/florent/.ndenv/versions/v0.12.7/lib/node_modules/npm/lib/run-script.js:142:19)
4 verbose stack     at /home/florent/.ndenv/versions/v0.12.7/lib/node_modules/npm/lib/run-script.js:58:5
4 verbose stack     at /home/florent/.ndenv/versions/v0.12.7/lib/node_modules/npm/node_modules/read-package-json/read-json.js:345:5
4 verbose stack     at checkBinReferences_ (/home/florent/.ndenv/versions/v0.12.7/lib/node_modules/npm/node_modules/read-package-json/read-json.js:309:45)
4 verbose stack     at final (/home/florent/.ndenv/versions/v0.12.7/lib/node_modules/npm/node_modules/read-package-json/read-json.js:343:3)
4 verbose stack     at then (/home/florent/.ndenv/versions/v0.12.7/lib/node_modules/npm/node_modules/read-package-json/read-json.js:113:5)
4 verbose stack     at /home/florent/.ndenv/versions/v0.12.7/lib/node_modules/npm/node_modules/read-package-json/read-json.js:300:12
4 verbose stack     at evalmachine.<anonymous>:334:14
4 verbose stack     at /home/florent/.ndenv/versions/v0.12.7/lib/node_modules/npm/node_modules/graceful-fs/graceful-fs.js:102:5
4 verbose stack     at FSReqWrap.oncomplete (evalmachine.<anonymous>:95:15)
5 verbose cwd /media/florent/DATA/www/confusion-barometer
6 error Linux 3.13.0-62-generic
7 error argv "/home/florent/.ndenv/versions/v0.12.7/bin/node" "/home/florent/.ndenv/versions/v0.12.7/bin/npm" "run" "server"
8 error node v0.12.7
9 error npm  v2.11.3
10 error missing script: server
11 error If you need help, you may report this error at:
11 error     <https://github.com/npm/npm/issues>
12 verbose exit [ 1, true ]
